2023-06-08 15:40:09,634 - __main__ - INFO - No pre-trained model found
2023-06-08 16:04:51,578 - __main__ - INFO - Saved model checkpoint to 'behavior_analysis.pt'
2023-06-08 16:04:51,578 - __main__ - INFO - Epoch: 01 | Time: 24m 42s
2023-06-08 16:04:51,578 - __main__ - INFO - 	Train Loss: 0.369 | Train Acc: 82.81%
2023-06-08 16:04:51,578 - __main__ - INFO - 	 Val. Loss: 0.186 |  Val. Acc: 93.86%
2023-06-08 16:29:41,016 - __main__ - INFO - Saved model checkpoint to 'behavior_analysis.pt'
2023-06-08 16:29:41,016 - __main__ - INFO - Epoch: 02 | Time: 24m 49s
2023-06-08 16:29:41,017 - __main__ - INFO - 	Train Loss: 0.175 | Train Acc: 93.47%
2023-06-08 16:29:41,017 - __main__ - INFO - 	 Val. Loss: 0.106 |  Val. Acc: 96.71%
2023-06-08 16:54:46,321 - __main__ - INFO - Saved model checkpoint to 'behavior_analysis.pt'
2023-06-08 16:54:46,321 - __main__ - INFO - Epoch: 03 | Time: 25m 5s
2023-06-08 16:54:46,321 - __main__ - INFO - 	Train Loss: 0.083 | Train Acc: 96.59%
2023-06-08 16:54:46,321 - __main__ - INFO - 	 Val. Loss: 0.095 |  Val. Acc: 97.26%
2023-06-08 17:19:15,629 - __main__ - INFO - Saved model checkpoint to 'behavior_analysis.pt'
2023-06-08 17:19:15,629 - __main__ - INFO - Epoch: 04 | Time: 24m 29s
2023-06-08 17:19:15,629 - __main__ - INFO - 	Train Loss: 0.108 | Train Acc: 95.53%
2023-06-08 17:19:15,629 - __main__ - INFO - 	 Val. Loss: 0.075 |  Val. Acc: 96.93%
2023-06-08 17:43:41,511 - __main__ - INFO - Epoch: 05 | Time: 24m 26s
2023-06-08 17:43:41,511 - __main__ - INFO - 	Train Loss: 0.077 | Train Acc: 97.30%
2023-06-08 17:43:41,511 - __main__ - INFO - 	 Val. Loss: 0.087 |  Val. Acc: 95.83%
2023-06-08 18:08:21,208 - __main__ - INFO - Epoch: 06 | Time: 24m 40s
2023-06-08 18:08:21,209 - __main__ - INFO - 	Train Loss: 0.031 | Train Acc: 98.65%
2023-06-08 18:08:21,209 - __main__ - INFO - 	 Val. Loss: 0.111 |  Val. Acc: 96.27%
2023-06-08 18:33:08,957 - __main__ - INFO - Epoch: 07 | Time: 24m 48s
2023-06-08 18:33:08,957 - __main__ - INFO - 	Train Loss: 0.058 | Train Acc: 97.66%
2023-06-08 18:33:08,957 - __main__ - INFO - 	 Val. Loss: 0.080 |  Val. Acc: 97.26%
2023-06-08 18:57:59,653 - __main__ - INFO - Epoch: 08 | Time: 24m 51s
2023-06-08 18:57:59,653 - __main__ - INFO - 	Train Loss: 0.077 | Train Acc: 96.80%
2023-06-08 18:57:59,653 - __main__ - INFO - 	 Val. Loss: 0.096 |  Val. Acc: 96.16%
2023-06-08 19:24:33,831 - __main__ - INFO - Epoch: 09 | Time: 26m 34s
2023-06-08 19:24:33,832 - __main__ - INFO - 	Train Loss: 0.038 | Train Acc: 97.94%
2023-06-08 19:24:33,832 - __main__ - INFO - 	 Val. Loss: 0.097 |  Val. Acc: 96.27%
2023-06-08 19:50:25,616 - __main__ - INFO - Epoch: 10 | Time: 25m 52s
2023-06-08 19:50:25,616 - __main__ - INFO - 	Train Loss: 0.029 | Train Acc: 98.93%
2023-06-08 19:50:25,617 - __main__ - INFO - 	 Val. Loss: 0.099 |  Val. Acc: 96.49%
2023-06-08 20:15:26,345 - __main__ - INFO - Epoch: 11 | Time: 25m 1s
2023-06-08 20:15:26,345 - __main__ - INFO - 	Train Loss: 0.024 | Train Acc: 99.15%
2023-06-08 20:15:26,345 - __main__ - INFO - 	 Val. Loss: 0.099 |  Val. Acc: 95.83%
2023-06-08 20:40:27,453 - __main__ - INFO - Epoch: 12 | Time: 25m 1s
2023-06-08 20:40:27,453 - __main__ - INFO - 	Train Loss: 0.032 | Train Acc: 98.79%
2023-06-08 20:40:27,453 - __main__ - INFO - 	 Val. Loss: 0.093 |  Val. Acc: 97.15%
2023-06-08 21:05:20,740 - __main__ - INFO - Epoch: 13 | Time: 24m 53s
2023-06-08 21:05:20,740 - __main__ - INFO - 	Train Loss: 0.033 | Train Acc: 98.86%
2023-06-08 21:05:20,740 - __main__ - INFO - 	 Val. Loss: 0.098 |  Val. Acc: 97.92%
2023-06-08 21:30:17,674 - __main__ - INFO - No improvement in validation loss for 10 epochs. Stopping training.
